#
# There is insufficient memory for the Java Runtime Environment to continue.
# Native memory allocation (malloc) failed to allocate 1125456 bytes for Chunk::new
# Possible reasons:
#   The system is out of physical RAM or swap space
#   In 32 bit mode, the process size limit was hit
# Possible solutions:
#   Reduce memory load on the system
#   Increase physical memory or swap space
#   Check if swap backing store is full
#   Use 64 bit Java on a 64 bit OS
#   Decrease Java heap size (-Xmx/-Xms)
#   Decrease number of Java threads
#   Decrease Java thread stack sizes (-Xss)
#   Set larger code cache with -XX:ReservedCodeCacheSize=
# This output file may be truncated or incomplete.
#
#  Out of Memory Error (allocation.cpp:390), pid=25508, tid=0x00000000000022e8
#
# JRE version: Java(TM) SE Runtime Environment (8.0_144-b01) (build 1.8.0_144-b01)
# Java VM: Java HotSpot(TM) 64-Bit Server VM (25.144-b01 mixed mode windows-amd64 compressed oops)
# Failed to write core dump. Minidumps are not enabled by default on client versions of Windows
#

---------------  T H R E A D  ---------------

Current thread (0x0000000010c82800):  JavaThread "C2 CompilerThread2" daemon [_thread_in_native, id=8936, stack(0x0000000011f50000,0x0000000012050000)]

Stack: [0x0000000011f50000,0x0000000012050000]
[error occurred during error reporting (printing stack bounds), id 0xc0000005]

Native frames: (J=compiled Java code, j=interpreted, Vv=VM code, C=native code)


Current CompileTask:
C2:   3901 2880   !   4       java.net.URLClassLoader$1::run (63 bytes)


---------------  P R O C E S S  ---------------

Java Threads: ( => current thread )
  0x0000000010d0e000 JavaThread "Service Thread" daemon [_thread_blocked, id=25708, stack(0x0000000012150000,0x0000000012550000)]
  0x0000000010c81000 JavaThread "C1 CompilerThread3" daemon [_thread_blocked, id=3472, stack(0x0000000012050000,0x0000000012150000)]
=>0x0000000010c82800 JavaThread "C2 CompilerThread2" daemon [_thread_in_native, id=8936, stack(0x0000000011f50000,0x0000000012050000)]
  0x0000000010c81800 JavaThread "C2 CompilerThread1" daemon [_thread_in_native, id=29864, stack(0x0000000011e50000,0x0000000011f50000)]
  0x0000000010c7b800 JavaThread "C2 CompilerThread0" daemon [_thread_blocked, id=6836, stack(0x0000000011d50000,0x0000000011e50000)]
  0x0000000010c77000 JavaThread "Attach Listener" daemon [_thread_blocked, id=12184, stack(0x0000000011950000,0x0000000011d50000)]
  0x0000000010c76000 JavaThread "Signal Dispatcher" daemon [_thread_blocked, id=15044, stack(0x0000000011550000,0x0000000011950000)]
  0x0000000003119000 JavaThread "Finalizer" daemon [_thread_blocked, id=23980, stack(0x0000000011050000,0x0000000011450000)]
  0x0000000003115800 JavaThread "Reference Handler" daemon [_thread_blocked, id=6396, stack(0x0000000010850000,0x0000000010c50000)]
  0x0000000002c1d800 JavaThread "main" [_thread_in_vm, id=25652, stack(0x0000000002c20000,0x0000000003020000)]

Other Threads:
  0x000000000ea78800 VMThread [stack: 0x0000000010750000,0x0000000010850000] [id=27676]
  0x0000000010d1d000 WatcherThread [stack: 0x0000000012550000,0x0000000012650000] [id=28504]

VM state:not at safepoint (normal execution)

VM Mutex/Monitor currently owned by a thread: None

Heap:
 PSYoungGen      total 305664K, used 73529K [0x00000000eab00000, 0x0000000100000000, 0x0000000100000000)
  eden space 262144K, 28% used [0x00000000eab00000,0x00000000ef2ce710,0x00000000fab00000)
  from space 43520K, 0% used [0x00000000fd580000,0x00000000fd580000,0x0000000100000000)
  to   space 43520K, 0% used [0x00000000fab00000,0x00000000fab00000,0x00000000fd580000)
 ParOldGen       total 699392K, used 16764K [0x00000000c0000000, 0x00000000eab00000, 0x00000000eab00000)
  object space 699392K, 2% used [0x00000000c0000000,0x00000000c105f2e8,0x00000000eab00000)
 Metaspace       used 41642K, capacity 43961K, committed 44120K, reserved 1087488K
  class space    used 5604K, capacity 5884K, committed 5976K, reserved 1048576K

Card table byte_map: [0x000000000b320000,0x000000000b530000] byte_map_base: 0x000000000ad20000

Marking Bits: (ParMarkBitMap*) 0x0000000050ccd850
 Begin Bits: [0x000000000be90000, 0x000000000ce90000)
 End Bits:   [0x000000000ce90000, 0x000000000de90000)

Polling page: 0x0000000002af0000

CodeCache: size=131072Kb used=9052Kb max_used=9062Kb free=122019Kb
 bounds [0x0000000003120000, 0x0000000003a00000, 0x000000000b120000]
 total_blobs=3535 nmethods=3077 adapters=368
 compilation: enabled

Compilation events (10 events):
Event: 3.859 Thread 0x0000000010c7b800 3035       4       java.util.HashMap::resize (359 bytes)
Event: 3.860 Thread 0x0000000010c81000 nmethod 3049 0x00000000039dc390 code [0x00000000039dc740, 0x00000000039ddb18]
Event: 3.860 Thread 0x0000000010c81000 3048       3       java.util.SubList::<init> (145 bytes)
Event: 3.862 Thread 0x0000000010c81000 nmethod 3048 0x00000000039e3a50 code [0x00000000039e3da0, 0x00000000039e5918]
Event: 3.865 Thread 0x0000000010c81000 3050       3       java.lang.invoke.InnerClassLambdaMetafactory::generateFactory (136 bytes)
Event: 3.867 Thread 0x0000000010c81000 nmethod 3050 0x00000000039e6610 code [0x00000000039e69a0, 0x00000000039e86a8]
Event: 3.869 Thread 0x0000000010c81000 3051       3       scala.collection.mutable.MapBuilder::$plus$eq (9 bytes)
Event: 3.869 Thread 0x0000000010c81000 nmethod 3051 0x00000000039dbc50 code [0x00000000039dbde0, 0x00000000039dc208]
Event: 3.870 Thread 0x0000000010c7b800 nmethod 3035 0x00000000039e9cd0 code [0x00000000039e9e60, 0x00000000039ea3b8]
Event: 3.870 Thread 0x0000000010c7b800 3002       4       scala.reflect.internal.Names$TermName::body$2 (107 bytes)

GC Heap History (8 events):
Event: 1.838 GC heap before
{Heap before GC invocations=1 (full 0):
 PSYoungGen      total 305664K, used 68158K [0x00000000eab00000, 0x0000000100000000, 0x0000000100000000)
  eden space 262144K, 26% used [0x00000000eab00000,0x00000000eed8f820,0x00000000fab00000)
  from space 43520K, 0% used [0x00000000fd580000,0x00000000fd580000,0x0000000100000000)
  to   space 43520K, 0% used [0x00000000fab00000,0x00000000fab00000,0x00000000fd580000)
 ParOldGen       total 699392K, used 0K [0x00000000c0000000, 0x00000000eab00000, 0x00000000eab00000)
  object space 699392K, 0% used [0x00000000c0000000,0x00000000c0000000,0x00000000eab00000)
 Metaspace       used 19945K, capacity 21092K, committed 21248K, reserved 1067008K
  class space    used 2791K, capacity 2957K, committed 3072K, reserved 1048576K
Event: 1.852 GC heap after
Heap after GC invocations=1 (full 0):
 PSYoungGen      total 305664K, used 12565K [0x00000000eab00000, 0x0000000100000000, 0x0000000100000000)
  eden space 262144K, 0% used [0x00000000eab00000,0x00000000eab00000,0x00000000fab00000)
  from space 43520K, 28% used [0x00000000fab00000,0x00000000fb745410,0x00000000fd580000)
  to   space 43520K, 0% used [0x00000000fd580000,0x00000000fd580000,0x0000000100000000)
 ParOldGen       total 699392K, used 24K [0x00000000c0000000, 0x00000000eab00000, 0x00000000eab00000)
  object space 699392K, 0% used [0x00000000c0000000,0x00000000c0006000,0x00000000eab00000)
 Metaspace       used 19945K, capacity 21092K, committed 21248K, reserved 1067008K
  class space    used 2791K, capacity 2957K, committed 3072K, reserved 1048576K
}
Event: 1.852 GC heap before
{Heap before GC invocations=2 (full 1):
 PSYoungGen      total 305664K, used 12565K [0x00000000eab00000, 0x0000000100000000, 0x0000000100000000)
  eden space 262144K, 0% used [0x00000000eab00000,0x00000000eab00000,0x00000000fab00000)
  from space 43520K, 28% used [0x00000000fab00000,0x00000000fb745410,0x00000000fd580000)
  to   space 43520K, 0% used [0x00000000fd580000,0x00000000fd580000,0x0000000100000000)
 ParOldGen       total 699392K, used 24K [0x00000000c0000000, 0x00000000eab00000, 0x00000000eab00000)
  object space 699392K, 0% used [0x00000000c0000000,0x00000000c0006000,0x00000000eab00000)
 Metaspace       used 19945K, capacity 21092K, committed 21248K, reserved 1067008K
  class space    used 2791K, capacity 2957K, committed 3072K, reserved 1048576K
Event: 1.875 GC heap after
Heap after GC invocations=2 (full 1):
 PSYoungGen      total 305664K, used 0K [0x00000000eab00000, 0x0000000100000000, 0x0000000100000000)
  eden space 262144K, 0% used [0x00000000eab00000,0x00000000eab00000,0x00000000fab00000)
  from space 43520K, 0% used [0x00000000fab00000,0x00000000fab00000,0x00000000fd580000)
  to   space 43520K, 0% used [0x00000000fd580000,0x00000000fd580000,0x0000000100000000)
 ParOldGen       total 699392K, used 11842K [0x00000000c0000000, 0x00000000eab00000, 0x00000000eab00000)
  object space 699392K, 1% used [0x00000000c0000000,0x00000000c0b90b20,0x00000000eab00000)
 Metaspace       used 19941K, capacity 21086K, committed 21248K, reserved 1067008K
  class space    used 2790K, capacity 2956K, committed 3072K, reserved 1048576K
}
Event: 2.908 GC heap before
{Heap before GC invocations=3 (full 1):
 PSYoungGen      total 305664K, used 78643K [0x00000000eab00000, 0x0000000100000000, 0x0000000100000000)
  eden space 262144K, 30% used [0x00000000eab00000,0x00000000ef7ccfd0,0x00000000fab00000)
  from space 43520K, 0% used [0x00000000fab00000,0x00000000fab00000,0x00000000fd580000)
  to   space 43520K, 0% used [0x00000000fd580000,0x00000000fd580000,0x0000000100000000)
 ParOldGen       total 699392K, used 11842K [0x00000000c0000000, 0x00000000eab00000, 0x00000000eab00000)
  object space 699392K, 1% used [0x00000000c0000000,0x00000000c0b90b20,0x00000000eab00000)
 Metaspace       used 33713K, capacity 35311K, committed 35416K, reserved 1079296K
  class space    used 4685K, capacity 4901K, committed 4952K, reserved 1048576K
Event: 2.925 GC heap after
Heap after GC invocations=3 (full 1):
 PSYoungGen      total 305664K, used 14259K [0x00000000eab00000, 0x0000000100000000, 0x0000000100000000)
  eden space 262144K, 0% used [0x00000000eab00000,0x00000000eab00000,0x00000000fab00000)
  from space 43520K, 32% used [0x00000000fd580000,0x00000000fe36cc08,0x0000000100000000)
  to   space 43520K, 0% used [0x00000000fab00000,0x00000000fab00000,0x00000000fd580000)
 ParOldGen       total 699392K, used 11850K [0x00000000c0000000, 0x00000000eab00000, 0x00000000eab00000)
  object space 699392K, 1% used [0x00000000c0000000,0x00000000c0b92b20,0x00000000eab00000)
 Metaspace       used 33713K, capacity 35311K, committed 35416K, reserved 1079296K
  class space    used 4685K, capacity 4901K, committed 4952K, reserved 1048576K
}
Event: 2.925 GC heap before
{Heap before GC invocations=4 (full 2):
 PSYoungGen      total 305664K, used 14259K [0x00000000eab00000, 0x0000000100000000, 0x0000000100000000)
  eden space 262144K, 0% used [0x00000000eab00000,0x00000000eab00000,0x00000000fab00000)
  from space 43520K, 32% used [0x00000000fd580000,0x00000000fe36cc08,0x0000000100000000)
  to   space 43520K, 0% used [0x00000000fab00000,0x00000000fab00000,0x00000000fd580000)
 ParOldGen       total 699392K, used 11850K [0x00000000c0000000, 0x00000000eab00000, 0x00000000eab00000)
  object space 699392K, 1% used [0x00000000c0000000,0x00000000c0b92b20,0x00000000eab00000)
 Metaspace       used 33713K, capacity 35311K, committed 35416K, reserved 1079296K
  class space    used 4685K, capacity 4901K, committed 4952K, reserved 1048576K
Event: 2.965 GC heap after
Heap after GC invocations=4 (full 2):
 PSYoungGen      total 305664K, used 0K [0x00000000eab00000, 0x0000000100000000, 0x0000000100000000)
  eden space 262144K, 0% used [0x00000000eab00000,0x00000000eab00000,0x00000000fab00000)
  from space 43520K, 0% used [0x00000000fd580000,0x00000000fd580000,0x0000000100000000)
  to   space 43520K, 0% used [0x00000000fab00000,0x00000000fab00000,0x00000000fd580000)
 ParOldGen       total 699392K, used 16764K [0x00000000c0000000, 0x00000000eab00000, 0x00000000eab00000)
  object space 699392K, 2% used [0x00000000c0000000,0x00000000c105f2e8,0x00000000eab00000)
 Metaspace       used 33713K, capacity 35311K, committed 35416K, reserved 1079296K
  class space    used 4685K, capacity 4901K, committed 4952K, reserved 1048576K
}

Deoptimization events (10 events):
Event: 3.639 Thread 0x0000000002c1d800 Uncommon trap: reason=class_check action=maybe_recompile pc=0x000000000388e810 method=scala.reflect.runtime.SynchronizedSymbols$SynchronizedSymbol.getFlag(J)J @ 39
Event: 3.664 Thread 0x0000000002c1d800 Uncommon trap: reason=bimorphic action=maybe_recompile pc=0x00000000037e4ac8 method=scala.reflect.runtime.SynchronizedSymbols$SynchronizedSymbol$$anon$7.scala$reflect$runtime$SynchronizedSymbols$SynchronizedSymbol$$$outer()Lscala/reflect/runtime/Synchroni
Event: 3.664 Thread 0x0000000002c1d800 Uncommon trap: reason=bimorphic action=maybe_recompile pc=0x00000000037e4ac8 method=scala.reflect.runtime.SynchronizedSymbols$SynchronizedSymbol$$anon$7.scala$reflect$runtime$SynchronizedSymbols$SynchronizedSymbol$$$outer()Lscala/reflect/runtime/Synchroni
Event: 3.664 Thread 0x0000000002c1d800 Uncommon trap: reason=bimorphic action=maybe_recompile pc=0x00000000037e4ac8 method=scala.reflect.runtime.SynchronizedSymbols$SynchronizedSymbol$$anon$7.scala$reflect$runtime$SynchronizedSymbols$SynchronizedSymbol$$$outer()Lscala/reflect/runtime/Synchroni
Event: 3.664 Thread 0x0000000002c1d800 Uncommon trap: reason=bimorphic action=maybe_recompile pc=0x00000000037e4ac8 method=scala.reflect.runtime.SynchronizedSymbols$SynchronizedSymbol$$anon$7.scala$reflect$runtime$SynchronizedSymbols$SynchronizedSymbol$$$outer()Lscala/reflect/runtime/Synchroni
Event: 3.664 Thread 0x0000000002c1d800 Uncommon trap: reason=bimorphic action=maybe_recompile pc=0x00000000038f9f2c method=scala.reflect.runtime.SynchronizedSymbols$SynchronizedSymbol$$anon$13.scala$reflect$runtime$SynchronizedSymbols$SynchronizedSymbol$$$outer()Lscala/reflect/runtime/Synchron
Event: 3.664 Thread 0x0000000002c1d800 Uncommon trap: reason=bimorphic action=maybe_recompile pc=0x00000000038f9f2c method=scala.reflect.runtime.SynchronizedSymbols$SynchronizedSymbol$$anon$13.scala$reflect$runtime$SynchronizedSymbols$SynchronizedSymbol$$$outer()Lscala/reflect/runtime/Synchron
Event: 3.664 Thread 0x0000000002c1d800 Uncommon trap: reason=bimorphic action=maybe_recompile pc=0x00000000038f9f2c method=scala.reflect.runtime.SynchronizedSymbols$SynchronizedSymbol$$anon$13.scala$reflect$runtime$SynchronizedSymbols$SynchronizedSymbol$$$outer()Lscala/reflect/runtime/Synchron
Event: 3.664 Thread 0x0000000002c1d800 Uncommon trap: reason=bimorphic action=maybe_recompile pc=0x00000000038f9f2c method=scala.reflect.runtime.SynchronizedSymbols$SynchronizedSymbol$$anon$13.scala$reflect$runtime$SynchronizedSymbols$SynchronizedSymbol$$$outer()Lscala/reflect/runtime/Synchron
Event: 3.753 Thread 0x0000000002c1d800 Uncommon trap: reason=class_check action=maybe_recompile pc=0x000000000388e810 method=scala.reflect.runtime.SynchronizedSymbols$SynchronizedSymbol.getFlag(J)J @ 39

Internal exceptions (10 events):
Event: 3.797 Thread 0x0000000002c1d800 Exception <a 'java/lang/ClassNotFoundException': java/lang/annotation> (0x00000000eeb9e4e8) thrown at [C:\re\workspace\8-2-build-windows-amd64-cygwin\jdk8u144\9417\hotspot\src\share\vm\classfile\systemDictionary.cpp, line 210]
Event: 3.797 Thread 0x0000000002c1d800 Exception <a 'java/lang/ClassNotFoundException': java/lang/annotation/package> (0x00000000eeb9f188) thrown at [C:\re\workspace\8-2-build-windows-amd64-cygwin\jdk8u144\9417\hotspot\src\share\vm\classfile\systemDictionary.cpp, line 210]
Event: 3.854 Thread 0x0000000002c1d800 Exception <a 'java/lang/NoSuchMethodError': java.lang.Object.$anonfun$newScopeWith$1(Lscala/reflect/internal/Scopes$Scope;Lscala/reflect/internal/Symbols$Symbol;)Lscala/reflect/internal/Symbols$Symbol;> (0x00000000eed55790) thrown at [C:\re\workspace\8-2-
Event: 3.856 Thread 0x0000000002c1d800 Exception <a 'java/lang/NoSuchMethodError': java.lang.Object.$anonfun$symbolsMap$1(Lscala/Function1;Lscala/reflect/internal/Symbols$Symbol;)Ljava/lang/Object;> (0x00000000eed612a0) thrown at [C:\re\workspace\8-2-build-windows-amd64-cygwin\jdk8u144\9417\ho
Event: 3.857 Thread 0x0000000002c1d800 Exception <a 'java/lang/NoSuchMethodError': java.lang.Object.$anonfun$mapFrom$1(Lscala/Function1;Ljava/lang/Object;)Lscala/Tuple2;> (0x00000000eed66268) thrown at [C:\re\workspace\8-2-build-windows-amd64-cygwin\jdk8u144\9417\hotspot\src\share\vm\interpret
Event: 3.862 Thread 0x0000000002c1d800 Exception <a 'java/lang/NoSuchMethodError': java.lang.Object.$anonfun$symbolsMapFilt$1$adapted(Lscala/Function1;Lscala/reflect/internal/Symbols$Symbol;)Ljava/lang/Object;> (0x00000000eed74e28) thrown at [C:\re\workspace\8-2-build-windows-amd64-cygwin\jdk8
Event: 3.864 Thread 0x0000000002c1d800 Exception <a 'java/lang/NoSuchMethodError': java.lang.Object.$anonfun$boxedModule$1(Lscala/reflect/internal/Definitions$ValueClassDefinitions;Lscala/reflect/internal/Names$Name;)Lscala/reflect/internal/Symbols$ModuleSymbol;> (0x00000000eed81928) thrown at
Event: 3.864 Thread 0x0000000002c1d800 Exception <a 'java/lang/NoSuchMethodError': java.lang.Object.$anonfun$ScalaValueClassesNoUnit$1$adapted(Lscala/reflect/internal/Definitions$ValueClassDefinitions;Lscala/reflect/internal/Symbols$ClassSymbol;)Ljava/lang/Object;> (0x00000000eed888d0) thrown 
Event: 3.867 Thread 0x0000000002c1d800 Exception <a 'java/lang/NoSuchMethodError': java.lang.Object.$anonfun$boxedClass$1(Lscala/reflect/internal/Definitions$ValueClassDefinitions;Lscala/reflect/internal/Names$Name;)Lscala/reflect/internal/Symbols$ClassSymbol;> (0x00000000eed98a70) thrown at [
Event: 3.869 Thread 0x0000000002c1d800 Exception <a 'java/lang/NoSuchMethodError': java.lang.Object.$anonfun$refClass$1(Lscala/reflect/internal/Definitions$ValueClassDefinitions;Lscala/reflect/internal/Names$Name;)Lscala/reflect/internal/Symbols$ClassSymbol;> (0x00000000eeda1120) thrown at [C:

Events (10 events):
Event: 3.867 loading class scala/reflect/internal/Definitions$ValueClassDefinitions
Event: 3.867 loading class scala/reflect/internal/Definitions$ValueClassDefinitions done
Event: 3.867 loading class scala/reflect/internal/Names$Name
Event: 3.867 loading class scala/reflect/internal/Names$Name done
Event: 3.868 loading class scala/reflect/internal/Definitions$ValueClassDefinitions
Event: 3.868 loading class scala/reflect/internal/Definitions$ValueClassDefinitions done
Event: 3.869 loading class scala/reflect/internal/Definitions$ValueClassDefinitions
Event: 3.869 loading class scala/reflect/internal/Definitions$ValueClassDefinitions done
Event: 3.869 loading class scala/reflect/internal/Definitions$ValueClassDefinitions
Event: 3.869 loading class scala/reflect/internal/Definitions$ValueClassDefinitions done


Dynamic libraries:
0x00007ff64f4c0000 - 0x00007ff64f4f7000 	C:\Program Files\Java\jdk1.8.0_144\bin\java.exe
0x00007ff82eb00000 - 0x00007ff82ed09000 	C:\WINDOWS\SYSTEM32\ntdll.dll
0x00007ff82dd50000 - 0x00007ff82de0d000 	C:\WINDOWS\System32\KERNEL32.DLL
0x00007ff82c060000 - 0x00007ff82c3d4000 	C:\WINDOWS\System32\KERNELBASE.dll
0x00007ff82e920000 - 0x00007ff82e9ce000 	C:\WINDOWS\System32\ADVAPI32.dll
0x00007ff82e270000 - 0x00007ff82e313000 	C:\WINDOWS\System32\msvcrt.dll
0x00007ff82df40000 - 0x00007ff82dfde000 	C:\WINDOWS\System32\sechost.dll
0x00007ff82d280000 - 0x00007ff82d3a0000 	C:\WINDOWS\System32\RPCRT4.dll
0x00007ff82e0c0000 - 0x00007ff82e26c000 	C:\WINDOWS\System32\USER32.dll
0x00007ff82c800000 - 0x00007ff82c826000 	C:\WINDOWS\System32\win32u.dll
0x00007ff82e020000 - 0x00007ff82e049000 	C:\WINDOWS\System32\GDI32.dll
0x00007ff82c480000 - 0x00007ff82c592000 	C:\WINDOWS\System32\gdi32full.dll
0x00007ff82c3e0000 - 0x00007ff82c47d000 	C:\WINDOWS\System32\msvcp_win.dll
0x00007ff82c6e0000 - 0x00007ff82c7f1000 	C:\WINDOWS\System32\ucrtbase.dll
0x00007ff82b270000 - 0x00007ff82b515000 	C:\WINDOWS\WinSxS\amd64_microsoft.windows.common-controls_6595b64144ccf1df_6.0.22000.120_none_9d947278b86cc467\COMCTL32.dll
0x00007ff82dfe0000 - 0x00007ff82e011000 	C:\WINDOWS\System32\IMM32.DLL
0x0000000050d50000 - 0x0000000050e22000 	C:\Program Files\Java\jdk1.8.0_144\jre\bin\msvcr100.dll
0x00000000504b0000 - 0x0000000050d4d000 	C:\Program Files\Java\jdk1.8.0_144\jre\bin\server\jvm.dll
0x00007ff82ccc0000 - 0x00007ff82ccc8000 	C:\WINDOWS\System32\PSAPI.DLL
0x00007ff808050000 - 0x00007ff808059000 	C:\WINDOWS\SYSTEM32\WSOCK32.dll
0x00007ff824d70000 - 0x00007ff824da3000 	C:\WINDOWS\SYSTEM32\WINMM.dll
0x00007ff827b90000 - 0x00007ff827b9a000 	C:\WINDOWS\SYSTEM32\VERSION.dll
0x00007ff82e320000 - 0x00007ff82e38f000 	C:\WINDOWS\System32\WS2_32.dll
0x00000000504a0000 - 0x00000000504af000 	C:\Program Files\Java\jdk1.8.0_144\jre\bin\verify.dll
0x0000000050470000 - 0x0000000050499000 	C:\Program Files\Java\jdk1.8.0_144\jre\bin\java.dll
0x0000000050450000 - 0x0000000050466000 	C:\Program Files\Java\jdk1.8.0_144\jre\bin\zip.dll
0x00007ff82d3a0000 - 0x00007ff82db4e000 	C:\WINDOWS\System32\SHELL32.dll
0x00007ff829340000 - 0x00007ff829ba8000 	C:\WINDOWS\SYSTEM32\windows.storage.dll
0x00007ff82e410000 - 0x00007ff82e788000 	C:\WINDOWS\System32\combase.dll
0x00007ff8291d0000 - 0x00007ff829336000 	C:\WINDOWS\SYSTEM32\wintypes.dll
0x00007ff82e9d0000 - 0x00007ff82eaba000 	C:\WINDOWS\System32\SHCORE.dll
0x00007ff82ccd0000 - 0x00007ff82cd2d000 	C:\WINDOWS\System32\shlwapi.dll
0x00007ff82bf20000 - 0x00007ff82bf41000 	C:\WINDOWS\SYSTEM32\profapi.dll
0x0000000050430000 - 0x000000005044a000 	C:\Program Files\Java\jdk1.8.0_144\jre\bin\net.dll
0x00007ff82ae30000 - 0x00007ff82ae97000 	C:\WINDOWS\system32\mswsock.dll
0x0000000050e40000 - 0x0000000050e51000 	C:\Program Files\Java\jdk1.8.0_144\jre\bin\nio.dll
0x0000000050e30000 - 0x0000000050e3d000 	C:\Program Files\Java\jdk1.8.0_144\jre\bin\management.dll
0x00007ff8019b0000 - 0x00007ff8019c7000 	C:\WINDOWS\system32\napinsp.dll
0x00007ff801650000 - 0x00007ff80166b000 	C:\WINDOWS\system32\pnrpnsp.dll
0x00007ff829e70000 - 0x00007ff829f57000 	C:\WINDOWS\SYSTEM32\DNSAPI.dll
0x00007ff829e40000 - 0x00007ff829e6d000 	C:\WINDOWS\SYSTEM32\IPHLPAPI.DLL
0x00007ff82dd30000 - 0x00007ff82dd39000 	C:\WINDOWS\System32\NSI.dll
0x00007ff801630000 - 0x00007ff801642000 	C:\WINDOWS\System32\winrnr.dll
0x00007ff8226d0000 - 0x00007ff8226e5000 	C:\WINDOWS\system32\wshbth.dll
0x00007ff801610000 - 0x00007ff80162f000 	C:\WINDOWS\system32\nlansp_c.dll
0x00007ff81bf00000 - 0x00007ff81bf0a000 	C:\Windows\System32\rasadhlp.dll
0x00007ff822750000 - 0x00007ff8227d1000 	C:\WINDOWS\System32\fwpuclnt.dll
0x00007ff82bc20000 - 0x00007ff82bc38000 	C:\WINDOWS\SYSTEM32\CRYPTSP.dll
0x00007ff82a230000 - 0x00007ff82a265000 	C:\WINDOWS\system32\rsaenh.dll
0x00007ff82b170000 - 0x00007ff82b199000 	C:\WINDOWS\SYSTEM32\USERENV.dll
0x00007ff82b8a0000 - 0x00007ff82b8c7000 	C:\WINDOWS\SYSTEM32\bcrypt.dll
0x00007ff82c5a0000 - 0x00007ff82c61f000 	C:\WINDOWS\System32\bcryptprimitives.dll
0x00007ff82b0c0000 - 0x00007ff82b0cc000 	C:\WINDOWS\SYSTEM32\CRYPTBASE.dll

VM Arguments:
jvm_args: -Dfile.encoding=UTF-8 -Xms1024m -Xmx1024m -Xss4M -XX:ReservedCodeCacheSize=128m 
java_command: xsbt.boot.Boot update
java_class_path (initial): C:\Program Files (x86)\sbt\\bin\sbt-launch.jar
Launcher Type: SUN_STANDARD

Environment Variables:
JAVA_HOME=C:\Program Files\Java\jdk1.8.0_144
PATH=C:\Program Files\Java\jdk1.8.0_144\bin;C:\ProgramData\Oracle\Java\javapath;C:\Program Files\Java\jdk1.8.0_144\bin;C:\Program Files\Common Files\Oracle\Java\javapath;C:\Program Files (x86)\Common Files\Oracle\Java\javapath;C:\WINDOWS\system32;C:\WINDOWS;C:\WINDOWS\System32\Wbem;C:\WINDOWS\System32\WindowsPowerShell\v1.0\;C:\WINDOWS\System32\OpenSSH\;C:\Program Files (x86)\Google\Cloud SDK\google-cloud-sdk\bin;D:\Study\Sem1\APP\Lab3-ant\apache-ant-1.10.12\bin;C:\Program Files\Java\jre8\bin;C:\Program Files (x86)\sbt\bin;C:\Program Files\Git\cmd;C:\Users\anura\AppData\Local\Microsoft\WindowsApps;C:\Users\anura\AppData\Local\Programs\Microsoft VS Code\bin;C:\Users\anura\AppData\Local\GitHubDesktop\bin
USERNAME=anura
OS=Windows_NT
PROCESSOR_IDENTIFIER=Intel64 Family 6 Model 142 Stepping 12, GenuineIntel



---------------  S Y S T E M  ---------------

OS: Windows 10.0 , 64 bit Build 22000 (10.0.22000.434)

CPU:total 8 (initial active 8) (4 cores per cpu, 2 threads per core) family 6 model 142 stepping 12, cmov, cx8, fxsr, mmx, sse, sse2, sse3, ssse3, sse4.1, sse4.2, popcnt, avx, avx2, aes, clmul, erms, 3dnowpref, lzcnt, ht, tsc, tscinvbit, bmi1, bmi2, adx

Memory: 4k page, physical 8236648k(282440k free), swap 33402472k(4700k free)

vm_info: Java HotSpot(TM) 64-Bit Server VM (25.144-b01) for windows-amd64 JRE (1.8.0_144-b01), built on Jul 21 2017 21:57:33 by "java_re" with MS VC++ 10.0 (VS2010)

time: Sat Apr 09 15:37:48 2022
elapsed time: 3 seconds (0d 0h 0m 3s)

